[github.com/flipped-aurora/gin-vue-admin/server]2025-06-24 10:07:33.867	[34minfo[0m	C:/Users/Administrator/Desktop/shiled-platform/server/cmd/agent1/main.go:211	å‘é€ï¼ˆ1ï¼‰ç¬”èƒ½é‡ç»™ï¼ˆTMthe9mu2x73S2PsrrUDjaEkkL9Uni4oRuï¼‰ï¼Œè®¢å•å· 2025062410074oRu

[github.com/flipped-aurora/gin-vue-admin/server]2025-06-24 10:07:34.551	[34minfo[0m	C:/Users/Administrator/Desktop/shiled-platform/server/cmd/agent1/main.go:173	è®¢å•å·²ç»å‘é€æ— éœ€é‡å¤: 1fbd643bb8651ee1b733f8d05dc5f76408410a341f55e0b6da070d1cc78d922f

[github.com/flipped-aurora/gin-vue-admin/server]2025-06-24 10:08:33.142	[34minfo[0m	C:/Users/Administrator/Desktop/shiled-platform/server/cmd/agent1/main.go:173	è®¢å•å·²ç»å‘é€æ— éœ€é‡å¤: 1fbd643bb8651ee1b733f8d05dc5f76408410a341f55e0b6da070d1cc78d922f

[github.com/flipped-aurora/gin-vue-admin/server]2025-06-24 10:08:33.842	[34minfo[0m	C:/Users/Administrator/Desktop/shiled-platform/server/cmd/agent1/main.go:173	è®¢å•å·²ç»å‘é€æ— éœ€é‡å¤: 1fbd643bb8651ee1b733f8d05dc5f76408410a341f55e0b6da070d1cc78d922f

[github.com/flipped-aurora/gin-vue-admin/server]2025-06-24 10:09:33.157	[34minfo[0m	C:/Users/Administrator/Desktop/shiled-platform/server/cmd/agent1/main.go:173	è®¢å•å·²ç»å‘é€æ— éœ€é‡å¤: 1fbd643bb8651ee1b733f8d05dc5f76408410a341f55e0b6da070d1cc78d922f

[github.com/flipped-aurora/gin-vue-admin/server]2025-06-24 10:09:33.843	[34minfo[0m	C:/Users/Administrator/Desktop/shiled-platform/server/cmd/agent1/main.go:173	è®¢å•å·²ç»å‘é€æ— éœ€é‡å¤: 1fbd643bb8651ee1b733f8d05dc5f76408410a341f55e0b6da070d1cc78d922f

[github.com/flipped-aurora/gin-vue-admin/server]2025-06-24 10:10:33.373	[34minfo[0m	C:/Users/Administrator/Desktop/shiled-platform/server/cmd/agent1/main.go:173	è®¢å•å·²ç»å‘é€æ— éœ€é‡å¤: 1fbd643bb8651ee1b733f8d05dc5f76408410a341f55e0b6da070d1cc78d922f

[github.com/flipped-aurora/gin-vue-admin/server]2025-06-24 10:10:34.050	[34minfo[0m	C:/Users/Administrator/Desktop/shiled-platform/server/cmd/agent1/main.go:173	è®¢å•å·²ç»å‘é€æ— éœ€é‡å¤: 1fbd643bb8651ee1b733f8d05dc5f76408410a341f55e0b6da070d1cc78d922f

[github.com/flipped-aurora/gin-vue-admin/server]2025-06-24 10:14:11.615	[34minfo[0m	C:/Users/Administrator/Desktop/shiled-platform/server/cmd/agent1/main.go:173	è®¢å•å·²ç»å‘é€æ— éœ€é‡å¤: 1fbd643bb8651ee1b733f8d05dc5f76408410a341f55e0b6da070d1cc78d922f

[github.com/flipped-aurora/gin-vue-admin/server]2025-06-24 10:14:12.284	[34minfo[0m	C:/Users/Administrator/Desktop/shiled-platform/server/cmd/agent1/main.go:173	è®¢å•å·²ç»å‘é€æ— éœ€é‡å¤: 1fbd643bb8651ee1b733f8d05dc5f76408410a341f55e0b6da070d1cc78d922f

[github.com/flipped-aurora/gin-vue-admin/server]2025-06-24 10:15:10.280	[34minfo[0m	C:/Users/Administrator/Desktop/shiled-platform/server/cmd/agent1/main.go:173	è®¢å•å·²ç»å‘é€æ— éœ€é‡å¤: 1fbd643bb8651ee1b733f8d05dc5f76408410a341f55e0b6da070d1cc78d922f

[github.com/flipped-aurora/gin-vue-admin/server]2025-06-24 10:15:10.950	[34minfo[0m	C:/Users/Administrator/Desktop/shiled-platform/server/cmd/agent1/main.go:173	è®¢å•å·²ç»å‘é€æ— éœ€é‡å¤: 1fbd643bb8651ee1b733f8d05dc5f76408410a341f55e0b6da070d1cc78d922f

[github.com/flipped-aurora/gin-vue-admin/server]2025-06-24 10:16:09.791	[34minfo[0m	C:/Users/Administrator/Desktop/shiled-platform/server/cmd/agent1/main.go:173	è®¢å•å·²ç»å‘é€æ— éœ€é‡å¤: 1fbd643bb8651ee1b733f8d05dc5f76408410a341f55e0b6da070d1cc78d922f

[github.com/flipped-aurora/gin-vue-admin/server]2025-06-24 10:17:10.529	[34minfo[0m	C:/Users/Administrator/Desktop/shiled-platform/server/cmd/agent1/main.go:208	å‘é€ï¼ˆ1ï¼‰ç¬”èƒ½é‡ç»™ï¼ˆTMthe9mu2x73S2PsrrUDjaEkkL9Uni4oRuï¼‰ï¼Œè®¢å•å· 2025062410174oRu

[github.com/flipped-aurora/gin-vue-admin/server]2025-06-24 10:24:06.387	[34minfo[0m	C:/Users/Administrator/Desktop/shiled-platform/server/cmd/agent1/main.go:122	éœ€è¦å……å€¼trxfeeåœ°å€ï¼šT9ztAmeScFbU4HwgYouQJBb5ZNapaeUDXP

[github.com/flipped-aurora/gin-vue-admin/server]2025-06-24 10:24:06.388	[34minfo[0m	C:/Users/Administrator/Desktop/shiled-platform/server/cmd/agent1/main.go:126	telegramé€šçŸ¥ï¼šT9ztAmeScFbU4HwgYouQJBb5ZNapaeUDXP

[github.com/flipped-aurora/gin-vue-admin/server]2025-06-24 10:24:06.389	[34minfo[0m	C:/Users/Administrator/Desktop/shiled-platform/server/cmd/agent1/main.go:142	ä¸»åœ°å€é€²è¡Œåœ°å€å……å€¼ï¼šT9ztAmeScFbU4HwgYouQJBb5ZNapaeUDXP

[github.com/flipped-aurora/gin-vue-admin/server]2025-06-24 10:37:33.946	[34minfo[0m	C:/Users/Administrator/Desktop/shiled-platform/server/cmd/agent1/main.go:208	å‘é€ï¼ˆ1ï¼‰ç¬”èƒ½é‡ç»™ï¼ˆTMthe9mu2x73S2PsrrUDjaEkkL9Uni4oRuï¼‰ï¼Œè®¢å•å· 2025062410374oRu

[github.com/flipped-aurora/gin-vue-admin/server]2025-06-24 10:38:30.720	[34minfo[0m	C:/Users/Administrator/Desktop/shiled-platform/server/cmd/agent1/main.go:173	è®¢å•å·²ç»å‘é€æ— éœ€é‡å¤: 1fbd643bb8651ee1b733f8d05dc5f76408410a341f55e0b6da070d1cc78d922f

[github.com/flipped-aurora/gin-vue-admin/server]2025-06-24 10:39:32.366	[34minfo[0m	C:/Users/Administrator/Desktop/shiled-platform/server/cmd/agent1/main.go:173	è®¢å•å·²ç»å‘é€æ— éœ€é‡å¤: 1fbd643bb8651ee1b733f8d05dc5f76408410a341f55e0b6da070d1cc78d922f

[github.com/flipped-aurora/gin-vue-admin/server]2025-06-24 10:40:30.724	[34minfo[0m	C:/Users/Administrator/Desktop/shiled-platform/server/cmd/agent1/main.go:173	è®¢å•å·²ç»å‘é€æ— éœ€é‡å¤: 1fbd643bb8651ee1b733f8d05dc5f76408410a341f55e0b6da070d1cc78d922f

[github.com/flipped-aurora/gin-vue-admin/server]2025-06-24 10:41:30.727	[34minfo[0m	C:/Users/Administrator/Desktop/shiled-platform/server/cmd/agent1/main.go:173	è®¢å•å·²ç»å‘é€æ— éœ€é‡å¤: 1fbd643bb8651ee1b733f8d05dc5f76408410a341f55e0b6da070d1cc78d922f

[github.com/flipped-aurora/gin-vue-admin/server]2025-06-24 10:42:30.714	[34minfo[0m	C:/Users/Administrator/Desktop/shiled-platform/server/cmd/agent1/main.go:173	è®¢å•å·²ç»å‘é€æ— éœ€é‡å¤: 1fbd643bb8651ee1b733f8d05dc5f76408410a341f55e0b6da070d1cc78d922f

[github.com/flipped-aurora/gin-vue-admin/server]2025-06-24 10:43:30.752	[34minfo[0m	C:/Users/Administrator/Desktop/shiled-platform/server/cmd/agent1/main.go:173	è®¢å•å·²ç»å‘é€æ— éœ€é‡å¤: 1fbd643bb8651ee1b733f8d05dc5f76408410a341f55e0b6da070d1cc78d922f

[github.com/flipped-aurora/gin-vue-admin/server]2025-06-24 10:44:30.709	[34minfo[0m	C:/Users/Administrator/Desktop/shiled-platform/server/cmd/agent1/main.go:173	è®¢å•å·²ç»å‘é€æ— éœ€é‡å¤: 1fbd643bb8651ee1b733f8d05dc5f76408410a341f55e0b6da070d1cc78d922f

[github.com/flipped-aurora/gin-vue-admin/server]2025-06-24 10:45:30.772	[34minfo[0m	C:/Users/Administrator/Desktop/shiled-platform/server/cmd/agent1/main.go:173	è®¢å•å·²ç»å‘é€æ— éœ€é‡å¤: 1fbd643bb8651ee1b733f8d05dc5f76408410a341f55e0b6da070d1cc78d922f

[github.com/flipped-aurora/gin-vue-admin/server]2025-06-24 10:46:30.947	[34minfo[0m	C:/Users/Administrator/Desktop/shiled-platform/server/cmd/agent1/main.go:173	è®¢å•å·²ç»å‘é€æ— éœ€é‡å¤: 1fbd643bb8651ee1b733f8d05dc5f76408410a341f55e0b6da070d1cc78d922f

[github.com/flipped-aurora/gin-vue-admin/server]2025-06-24 10:47:30.738	[34minfo[0m	C:/Users/Administrator/Desktop/shiled-platform/server/cmd/agent1/main.go:173	è®¢å•å·²ç»å‘é€æ— éœ€é‡å¤: 1fbd643bb8651ee1b733f8d05dc5f76408410a341f55e0b6da070d1cc78d922f

