[github.com/flipped-aurora/gin-vue-admin/server]2025-06-07 21:21:19.713	[34minfo[0m	C:/Users/Administrator/Desktop/shiled-platform/server/initialize/gorm.go:77	register table success
[github.com/flipped-aurora/gin-vue-admin/server]2025-06-07 21:21:19.953	[34minfo[0m	C:/Users/Administrator/Desktop/shiled-platform/server/initialize/router.go:60	register swagger handler
[github.com/flipped-aurora/gin-vue-admin/server]2025-06-07 21:21:25.660	[34minfo[0m	C:/Users/Administrator/Desktop/shiled-platform/server/initialize/router.go:109	router register success
[github.com/flipped-aurora/gin-vue-admin/server]2025-06-07 21:21:25.661	[34minfo[0m	C:/Users/Administrator/Desktop/shiled-platform/server/core/server.go:38	server run success on 	{"address": ":8888"}
[github.com/flipped-aurora/gin-vue-admin/server]2025-06-07 21:30:49.230	[34minfo[0m	C:/Users/Administrator/Desktop/shiled-platform/server/initialize/gorm.go:77	register table success
[github.com/flipped-aurora/gin-vue-admin/server]2025-06-07 21:30:49.585	[34minfo[0m	C:/Users/Administrator/Desktop/shiled-platform/server/initialize/router.go:60	register swagger handler
[github.com/flipped-aurora/gin-vue-admin/server]2025-06-07 21:30:57.896	[34minfo[0m	C:/Users/Administrator/Desktop/shiled-platform/server/initialize/router.go:109	router register success
[github.com/flipped-aurora/gin-vue-admin/server]2025-06-07 21:30:57.896	[34minfo[0m	C:/Users/Administrator/Desktop/shiled-platform/server/core/server.go:38	server run success on 	{"address": ":8888"}
[github.com/flipped-aurora/gin-vue-admin/server]2025-06-07 21:51:06.876	[34minfo[0m	C:/Users/Administrator/Desktop/shiled-platform/server/initialize/gorm.go:77	register table success
[github.com/flipped-aurora/gin-vue-admin/server]2025-06-07 21:51:07.119	[34minfo[0m	C:/Users/Administrator/Desktop/shiled-platform/server/initialize/router.go:60	register swagger handler
[github.com/flipped-aurora/gin-vue-admin/server]2025-06-07 21:51:12.688	[34minfo[0m	C:/Users/Administrator/Desktop/shiled-platform/server/initialize/router.go:109	router register success
[github.com/flipped-aurora/gin-vue-admin/server]2025-06-07 21:51:12.689	[34minfo[0m	C:/Users/Administrator/Desktop/shiled-platform/server/core/server.go:38	server run success on 	{"address": ":8888"}
[github.com/flipped-aurora/gin-vue-admin/server]2025-06-07 22:00:13.024	[34minfo[0m	C:/Users/Administrator/Desktop/shiled-platform/server/initialize/gorm.go:77	register table success
[github.com/flipped-aurora/gin-vue-admin/server]2025-06-07 22:00:13.259	[34minfo[0m	C:/Users/Administrator/Desktop/shiled-platform/server/initialize/router.go:60	register swagger handler
[github.com/flipped-aurora/gin-vue-admin/server]2025-06-07 22:00:18.911	[34minfo[0m	C:/Users/Administrator/Desktop/shiled-platform/server/initialize/router.go:109	router register success
[github.com/flipped-aurora/gin-vue-admin/server]2025-06-07 22:00:18.912	[34minfo[0m	C:/Users/Administrator/Desktop/shiled-platform/server/core/server.go:38	server run success on 	{"address": ":8888"}
[github.com/flipped-aurora/gin-vue-admin/server]2025-06-07 22:09:31.094	[34minfo[0m	C:/Users/Administrator/Desktop/shiled-platform/server/initialize/gorm.go:77	register table success
[github.com/flipped-aurora/gin-vue-admin/server]2025-06-07 22:09:31.332	[34minfo[0m	C:/Users/Administrator/Desktop/shiled-platform/server/initialize/router.go:60	register swagger handler
[github.com/flipped-aurora/gin-vue-admin/server]2025-06-07 22:09:37.204	[34minfo[0m	C:/Users/Administrator/Desktop/shiled-platform/server/initialize/router.go:109	router register success
[github.com/flipped-aurora/gin-vue-admin/server]2025-06-07 22:09:37.205	[34minfo[0m	C:/Users/Administrator/Desktop/shiled-platform/server/core/server.go:38	server run success on 	{"address": ":8888"}
[github.com/flipped-aurora/gin-vue-admin/server]2025-06-07 22:09:37.205	[34minfo[0m	C:/Users/Administrator/Desktop/shiled-platform/server/core/server.go:62	
                  _ooOoo_
                o8888888o
                  88" . "88
              	    (| -_- |)
                  O\  =  /O
               ____/'---'\____
             .'  \\|     |//  '.
            /  \\|||  :  |||//  \
           /  _||||| -:- |||||_  \
           |   | \\\  -  /'| |   |
           | \_|  '\'---'//  |_/ |
           \  .-\__ '-. -' __/-.  /
         ___'. .'  /--.--\  '. .'___
      ."" '<  '.___\_<|>_/___.' _> \"".
     | | :  '- \'. ;'. _/; .'/ /  .' ; |
     \  \ '-.   \_\_'. _.'_/_/  -' _.' /
   ====='-.____'.___ \_____/___.-'____.-'=====
                   '=---='
^^^^^^^^^^^^^^^^^^^^^^^^^^^^^^^^^^^^^^^^^^^^
            佛祖保佑        永无BUG
   
